e:\c++\hbrowser\duilib\release\duilib.pch
e:\c++\hbrowser\duilib\release\vc120.pdb
e:\c++\hbrowser\duilib\release\stdafx.obj
e:\c++\hbrowser\duilib\release\uitext.obj
e:\c++\hbrowser\duilib\release\uislider.obj
e:\c++\hbrowser\duilib\release\uiscrollbar.obj
e:\c++\hbrowser\duilib\release\uirichedit.obj
e:\c++\hbrowser\duilib\release\uiprogress.obj
e:\c++\hbrowser\duilib\release\uioption.obj
e:\c++\hbrowser\duilib\release\uilist.obj
e:\c++\hbrowser\duilib\release\uilabel.obj
e:\c++\hbrowser\duilib\release\uigifanim.obj
e:\c++\hbrowser\duilib\release\uiflash.obj
e:\c++\hbrowser\duilib\release\uifadebutton.obj
e:\c++\hbrowser\duilib\release\uiedit.obj
e:\c++\hbrowser\duilib\release\uidatetime.obj
e:\c++\hbrowser\duilib\release\uicombobox.obj
e:\c++\hbrowser\duilib\release\uicombo.obj
e:\c++\hbrowser\duilib\release\uicheckbox.obj
e:\c++\hbrowser\duilib\release\uichartview.obj
e:\c++\hbrowser\duilib\release\uibutton.obj
e:\c++\hbrowser\duilib\release\uianimation.obj
e:\c++\hbrowser\duilib\release\uiactivex.obj
e:\c++\hbrowser\duilib\release\duitrayicon.obj
e:\c++\hbrowser\duilib\release\duiautocomplete.obj
e:\c++\hbrowser\duilib\release\uilib.obj
e:\c++\hbrowser\duilib\release\uiverticallayout.obj
e:\c++\hbrowser\duilib\release\uitilelayout.obj
e:\c++\hbrowser\duilib\release\uitablayout.obj
e:\c++\hbrowser\duilib\release\uihorizontallayout.obj
e:\c++\hbrowser\duilib\release\uichildlayout.obj
e:\c++\hbrowser\duilib\release\uianimationtablayout.obj
e:\c++\hbrowser\duilib\release\uitimer.obj
e:\c++\hbrowser\duilib\release\uirender.obj
e:\c++\hbrowser\duilib\release\uimarkup.obj
e:\c++\hbrowser\duilib\release\uimanager.obj
e:\c++\hbrowser\duilib\release\uidxanimation.obj
e:\c++\hbrowser\duilib\release\uidlgbuilder.obj
e:\c++\hbrowser\duilib\release\uicontrol.obj
e:\c++\hbrowser\duilib\release\uicontainer.obj
e:\c++\hbrowser\duilib\release\uibase.obj
e:\c++\hbrowser\duilib\release\uiwebbrowser.obj
e:\c++\hbrowser\duilib\release\uitreeview.obj
e:\c++\hbrowser\duilib\release\winimplbase.obj
e:\c++\hbrowser\duilib\release\utils.obj
e:\c++\hbrowser\duilib\release\uidelegate.obj
e:\c++\hbrowser\duilib\release\iwindowbase.obj
e:\c++\hbrowser\duilib\release\stb_image.obj
e:\c++\hbrowser\build\release\duilib\duilib.lib
e:\c++\hbrowser\duilib\release\duilib.tlog\cl.command.1.tlog
e:\c++\hbrowser\duilib\release\duilib.tlog\cl.read.1.tlog
e:\c++\hbrowser\duilib\release\duilib.tlog\cl.write.1.tlog
e:\c++\hbrowser\duilib\release\duilib.tlog\lib-link.read.1.tlog
e:\c++\hbrowser\duilib\release\duilib.tlog\lib-link.write.1.tlog
e:\c++\hbrowser\duilib\release\duilib.tlog\lib.command.1.tlog
