e:\c++\hbrowser\duilib\debug\duilib.pch
e:\c++\hbrowser\duilib\debug\vc120.pdb
e:\c++\hbrowser\duilib\debug\vc120.idb
e:\c++\hbrowser\duilib\debug\stdafx.obj
e:\c++\hbrowser\duilib\debug\uicontrol.obj
e:\c++\hbrowser\duilib\debug\uidlgbuilder.obj
e:\c++\hbrowser\duilib\debug\uidxanimation.obj
e:\c++\hbrowser\duilib\debug\uimarkup.obj
e:\c++\hbrowser\duilib\debug\uirender.obj
e:\c++\hbrowser\duilib\debug\uitimer.obj
e:\c++\hbrowser\duilib\debug\uianimationtablayout.obj
e:\c++\hbrowser\duilib\debug\uichildlayout.obj
e:\c++\hbrowser\duilib\debug\uihorizontallayout.obj
e:\c++\hbrowser\duilib\debug\uitablayout.obj
e:\c++\hbrowser\duilib\debug\uitilelayout.obj
e:\c++\hbrowser\duilib\debug\uiverticallayout.obj
e:\c++\hbrowser\duilib\debug\uilib.obj
e:\c++\hbrowser\duilib\debug\duiautocomplete.obj
e:\c++\hbrowser\duilib\debug\duitrayicon.obj
e:\c++\hbrowser\duilib\debug\iwindowbase.obj
e:\c++\hbrowser\duilib\debug\uidelegate.obj
e:\c++\hbrowser\duilib\debug\utils.obj
e:\c++\hbrowser\duilib\debug\winimplbase.obj
e:\c++\hbrowser\duilib\debug\uicheckbox.obj
e:\c++\hbrowser\duilib\debug\uicombo.obj
e:\c++\hbrowser\duilib\debug\uicombobox.obj
e:\c++\hbrowser\duilib\debug\uidatetime.obj
e:\c++\hbrowser\duilib\debug\uiedit.obj
e:\c++\hbrowser\duilib\debug\uifadebutton.obj
e:\c++\hbrowser\duilib\debug\uiflash.obj
e:\c++\hbrowser\duilib\debug\uigifanim.obj
e:\c++\hbrowser\duilib\debug\uilabel.obj
e:\c++\hbrowser\duilib\debug\uilist.obj
e:\c++\hbrowser\duilib\debug\uioption.obj
e:\c++\hbrowser\duilib\debug\uiprogress.obj
e:\c++\hbrowser\duilib\debug\uirichedit.obj
e:\c++\hbrowser\duilib\debug\uiscrollbar.obj
e:\c++\hbrowser\duilib\debug\uislider.obj
e:\c++\hbrowser\duilib\debug\uitext.obj
e:\c++\hbrowser\duilib\debug\uitreeview.obj
e:\c++\hbrowser\duilib\debug\uiwebbrowser.obj
e:\c++\hbrowser\duilib\debug\uibase.obj
e:\c++\hbrowser\duilib\debug\uicontainer.obj
e:\c++\hbrowser\duilib\debug\uiactivex.obj
e:\c++\hbrowser\duilib\debug\uianimation.obj
e:\c++\hbrowser\duilib\debug\uibutton.obj
e:\c++\hbrowser\duilib\debug\uichartview.obj
e:\c++\hbrowser\duilib\debug\uimanager.obj
e:\c++\hbrowser\duilib\debug\stb_image.obj
e:\c++\hbrowser\debug\duilib.lib
e:\c++\hbrowser\duilib\debug\duilib.tlog\cl.command.1.tlog
e:\c++\hbrowser\duilib\debug\duilib.tlog\cl.read.1.tlog
e:\c++\hbrowser\duilib\debug\duilib.tlog\cl.write.1.tlog
e:\c++\hbrowser\duilib\debug\duilib.tlog\lib-link.read.1.tlog
e:\c++\hbrowser\duilib\debug\duilib.tlog\lib-link.write.1.tlog
e:\c++\hbrowser\duilib\debug\duilib.tlog\lib.command.1.tlog
